<?xml version="1.0" encoding="UTF-8"?>
<testsuite xmlns:xsi="http://www.w3.org/2001/XMLSchema-instance" xsi:schemaLocation="https://maven.apache.org/surefire/maven-surefire-plugin/xsd/surefire-test-report.xsd" name="RunCukesTest" time="35.456" tests="3" errors="1" skipped="0" failures="2">
  <properties>
[...]
</properties>
  <testcase name="Given User opens Home page" classname="Scenario: Login with valid credentials" time="0.007">
    <failure type="java.lang.AssertionError">java.lang.AssertionError
</failure>
    <system-err><![CDATA[SLF4J: Failed to load class "org.slf4j.impl.StaticLoggerBinder".
SLF4J: Defaulting to no-operation (NOP) logger implementation
SLF4J: See http://www.slf4j.org/codes.html#StaticLoggerBinder for further details.
Oct 05, 2017 2:10:13 PM org.springframework.context.support.ClassPathXmlApplicationContext prepareRefresh
INFO: Refreshing org.springframework.context.support.ClassPathXmlApplicationContext@383cb5ce: startup date [Thu Oct 05 14:10:13 CDT 2017]; root of context hierarchy
Oct 05, 2017 2:10:13 PM org.springframework.beans.factory.xml.XmlBeanDefinitionReader loadBeanDefinitions
INFO: Loading XML bean definitions from class path resource [cucumber.xml]
Starting ChromeDriver 2.32.498550 (9dec58e66c31bcc53a9ce3c7226f0c1c5810906a) on port 17243
Only local connections are allowed.
Oct 05, 2017 2:10:16 PM org.openqa.selenium.remote.ProtocolHandshake createSession
INFO: Detected dialect: OSS
]]></system-err>
  </testcase>
  <testcase name="Scenario: Login with valid credentials" classname="Scenario: Login with valid credentials" time="0.007">
    <failure type="java.lang.AssertionError">java.lang.AssertionError
</failure>
  </testcase>
  <testcase name="Scenario: Login with valid credentials" classname="Scenario: Login with valid credentials" time="6.678">
    <error message="unknown error: unhandled inspector error: {&quot;code&quot;:-32000,&quot;message&quot;:&quot;No target with given id&quot;}&#10;  (Session info: chrome=61.0.3163.100)&#10;  (Driver info: chromedriver=2.32.498550 (9dec58e66c31bcc53a9ce3c7226f0c1c5810906a),platform=Windows NT 10.0.15063 x86_64) (WARNING: The server did not provide any stacktrace information)&#10;Command duration or timeout: 0 milliseconds&#10;Build info: version: &apos;3.5.3&apos;, revision: &apos;a88d25fe6b&apos;, time: &apos;2017-08-29T12:42:44.417Z&apos;&#10;System info: host: &apos;DESKTOP-B8NEL8U&apos;, ip: &apos;192.168.43.217&apos;, os.name: &apos;Windows 10&apos;, os.arch: &apos;amd64&apos;, os.version: &apos;10.0&apos;, java.version: &apos;1.8.0_131&apos;&#10;Driver info: org.openqa.selenium.chrome.ChromeDriver&#10;Capabilities [{mobileEmulationEnabled=false, hasTouchScreen=false, platform=XP, acceptSslCerts=true, webStorageEnabled=true, browserName=chrome, takesScreenshot=true, javascriptEnabled=true, platformName=XP, setWindowRect=true, unexpectedAlertBehaviour=, applicationCacheEnabled=false, rotatable=false, networkConnectionEnabled=false, chrome={chromedriverVersion=2.32.498550 (9dec58e66c31bcc53a9ce3c7226f0c1c5810906a), userDataDir=C:\Users\luckyPC\AppData\Local\Temp\scoped_dir5032_5735}, takesHeapSnapshot=true, pageLoadStrategy=normal, unhandledPromptBehavior=, databaseEnabled=false, handlesAlerts=true, version=61.0.3163.100, browserConnectionEnabled=false, nativeEvents=true, locationContextEnabled=true, cssSelectorsEnabled=true}]&#10;Session ID: 2e4b4dfd9a43572c7d80e6e8171ad195" type="org.openqa.selenium.WebDriverException">org.openqa.selenium.WebDriverException: 
unknown error: unhandled inspector error: {"code":-32000,"message":"No target with given id"}
  (Session info: chrome=61.0.3163.100)
  (Driver info: chromedriver=2.32.498550 (9dec58e66c31bcc53a9ce3c7226f0c1c5810906a),platform=Windows NT 10.0.15063 x86_64) (WARNING: The server did not provide any stacktrace information)
Command duration or timeout: 0 milliseconds
Build info: version: '3.5.3', revision: 'a88d25fe6b', time: '2017-08-29T12:42:44.417Z'
System info: host: 'DESKTOP-B8NEL8U', ip: '192.168.43.217', os.name: 'Windows 10', os.arch: 'amd64', os.version: '10.0', java.version: '1.8.0_131'
Driver info: org.openqa.selenium.chrome.ChromeDriver
Capabilities [{mobileEmulationEnabled=false, hasTouchScreen=false, platform=XP, acceptSslCerts=true, webStorageEnabled=true, browserName=chrome, takesScreenshot=true, javascriptEnabled=true, platformName=XP, setWindowRect=true, unexpectedAlertBehaviour=, applicationCacheEnabled=false, rotatable=false, networkConnectionEnabled=false, chrome={chromedriverVersion=2.32.498550 (9dec58e66c31bcc53a9ce3c7226f0c1c5810906a), userDataDir=C:\Users\luckyPC\AppData\Local\Temp\scoped_dir5032_5735}, takesHeapSnapshot=true, pageLoadStrategy=normal, unhandledPromptBehavior=, databaseEnabled=false, handlesAlerts=true, version=61.0.3163.100, browserConnectionEnabled=false, nativeEvents=true, locationContextEnabled=true, cssSelectorsEnabled=true}]
Session ID: 2e4b4dfd9a43572c7d80e6e8171ad195
</error>
    <system-err><![CDATA[Starting ChromeDriver 2.32.498550 (9dec58e66c31bcc53a9ce3c7226f0c1c5810906a) on port 23520
Only local connections are allowed.
Oct 05, 2017 2:10:45 PM org.openqa.selenium.remote.ProtocolHandshake createSession
INFO: Detected dialect: OSS
]]></system-err>
  </testcase>
</testsuite>